2026-03-14 20:24:31,549 - INFO - Auto-encode 023cs6969: Encoded 5 face(s) for 023cs6969
2026-03-14 20:26:07,582 - INFO - Flagged person added: 023cs6969 (High)
2026-03-14 20:26:24,020 - INFO - Loaded 2 flagged persons
2026-03-14 20:26:26,025 - INFO - insightface buffalo_l loaded
2026-03-14 20:26:48,230 - WARNING - DANGEROUS PERSON DETECTED: 023cs6969 (High) — Rapist,Sugar daddy, Impregenated 134 girls
2026-03-14 20:26:48,232 - WARNING - DANGEROUS PERSON DETECTED: 0302CS221132 (Medium) — indecipline
2026-03-14 20:27:05,370 - INFO - Loaded 2 flagged persons
2026-03-14 20:27:07,327 - INFO - insightface buffalo_l loaded
2026-03-14 20:27:25,906 - WARNING - DANGEROUS PERSON DETECTED: 023cs6969 (High) — Rapist,Sugar daddy, Impregenated 134 girls
2026-03-14 20:28:04,663 - INFO - Login success: admin (admin)
2026-03-14 20:28:04,663 - INFO - Login: admin (admin)
2026-03-14 20:28:06,606 - INFO - insightface buffalo_l loaded
2026-03-14 20:28:06,606 - INFO - Loaded 2 flagged persons
2026-03-14 20:28:06,897 - INFO - Loaded 2 flagged persons
2026-03-14 20:28:06,953 - INFO - Loaded 2 flagged persons
2026-03-14 20:28:08,682 - INFO - insightface buffalo_l loaded
2026-03-14 20:30:03,538 - INFO - Flagged person removed: 023cs6969
2026-03-14 20:30:37,168 - INFO - Admin updated user 088927f4-bacf-40d0-bdd8-33c831dcced2
2026-03-14 20:31:35,386 - ERROR - Dashboard failed to start. Log:

2026-03-14 20:31:45,212 - ERROR - Dashboard failed to start. Log:

2026-03-14 20:31:47,323 - ERROR - Dashboard failed to start. Log:

2026-03-15 22:07:17,811 - INFO - Deleted photo folder: Students/0302CS221111/
2026-03-15 22:07:17,811 - INFO - Removed 0302CS221111 from Encodefile.p
2026-03-15 22:18:13,957 - INFO - Auto-encode 0302CS221110: Encoded 15 face(s) for 0302CS221110
2026-03-15 22:18:58,950 - WARNING - DANGEROUS PERSON DETECTED: 0302CS221132 (High) — Spam
2026-03-15 22:26:54,703 - INFO - Deleted photo folder: Students/0302CS221110/
2026-03-15 22:26:54,704 - INFO - Removed 0302CS221110 from Encodefile.p
2026-03-15 22:26:54,939 - WARNING - DANGEROUS PERSON DETECTED: 0302CS221110 (Medium) — spam
2026-03-15 22:26:55,750 - WARNING - DANGEROUS PERSON DETECTED: 0302CS221110 (Medium) — spam
2026-03-15 22:26:56,754 - WARNING - DANGEROUS PERSON DETECTED: 0302CS221110 (Medium) — spam
2026-03-15 22:26:57,755 - WARNING - DANGEROUS PERSON DETECTED: 0302CS221110 (Medium) — spam
2026-03-15 22:26:58,755 - WARNING - DANGEROUS PERSON DETECTED: 0302CS221110 (Medium) — spam
2026-03-15 22:26:59,751 - WARNING - DANGEROUS PERSON DETECTED: 0302CS221110 (Medium) — spam
2026-03-15 22:27:00,756 - WARNING - DANGEROUS PERSON DETECTED: 0302CS221110 (Medium) — spam
2026-03-15 22:27:01,751 - WARNING - DANGEROUS PERSON DETECTED: 0302CS221110 (Medium) — spam
2026-03-15 22:27:02,756 - WARNING - DANGEROUS PERSON DETECTED: 0302CS221110 (Medium) — spam
2026-03-15 22:27:03,751 - WARNING - DANGEROUS PERSON DETECTED: 0302CS221110 (Medium) — spam
2026-03-15 22:27:04,745 - WARNING - DANGEROUS PERSON DETECTED: 0302CS221110 (Medium) — spam
2026-03-15 22:27:05,756 - WARNING - DANGEROUS PERSON DETECTED: 0302CS221110 (Medium) — spam
2026-03-15 22:27:06,752 - WARNING - DANGEROUS PERSON DETECTED: 0302CS221110 (Medium) — spam
2026-03-15 22:27:07,756 - WARNING - DANGEROUS PERSON DETECTED: 0302CS221110 (Medium) — spam
2026-03-15 22:27:08,755 - WARNING - DANGEROUS PERSON DETECTED: 0302CS221110 (Medium) — spam
2026-03-15 22:27:09,757 - WARNING - DANGEROUS PERSON DETECTED: 0302CS221110 (Medium) — spam
2026-03-15 22:27:10,761 - WARNING - DANGEROUS PERSON DETECTED: 0302CS221110 (Medium) — spam
2026-03-15 22:27:11,751 - WARNING - DANGEROUS PERSON DETECTED: 0302CS221110 (Medium) — spam
2026-03-15 22:27:12,750 - WARNING - DANGEROUS PERSON DETECTED: 0302CS221110 (Medium) — spam
2026-03-15 22:27:13,758 - WARNING - DANGEROUS PERSON DETECTED: 0302CS221110 (Medium) — spam
2026-03-15 22:27:14,762 - WARNING - DANGEROUS PERSON DETECTED: 0302CS221110 (Medium) — spam
2026-03-15 22:27:15,760 - WARNING - DANGEROUS PERSON DETECTED: 0302CS221110 (Medium) — spam
2026-03-15 22:27:16,758 - WARNING - DANGEROUS PERSON DETECTED: 0302CS221110 (Medium) — spam
2026-03-15 22:27:17,757 - WARNING - DANGEROUS PERSON DETECTED: 0302CS221110 (Medium) — spam
2026-03-15 22:27:18,753 - WARNING - DANGEROUS PERSON DETECTED: 0302CS221110 (Medium) — spam
2026-03-15 22:27:19,757 - WARNING - DANGEROUS PERSON DETECTED: 0302CS221110 (Medium) — spam
2026-03-15 22:27:20,757 - WARNING - DANGEROUS PERSON DETECTED: 0302CS221110 (Medium) — spam
2026-03-15 22:27:21,761 - WARNING - DANGEROUS PERSON DETECTED: 0302CS221110 (Medium) — spam
2026-03-15 22:27:22,784 - WARNING - DANGEROUS PERSON DETECTED: 0302CS221110 (Medium) — spam
2026-03-15 22:27:23,747 - WARNING - DANGEROUS PERSON DETECTED: 0302CS221110 (Medium) — spam
2026-03-15 22:27:24,755 - WARNING - DANGEROUS PERSON DETECTED: 0302CS221110 (Medium) — spam
2026-03-15 22:27:25,757 - WARNING - DANGEROUS PERSON DETECTED: 0302CS221110 (Medium) — spam
2026-03-15 22:27:26,751 - WARNING - DANGEROUS PERSON DETECTED: 0302CS221110 (Medium) — spam
2026-03-15 22:27:27,754 - WARNING - DANGEROUS PERSON DETECTED: 0302CS221110 (Medium) — spam
2026-03-15 22:27:28,754 - WARNING - DANGEROUS PERSON DETECTED: 0302CS221110 (Medium) — spam
2026-03-15 22:27:29,750 - WARNING - DANGEROUS PERSON DETECTED: 0302CS221110 (Medium) — spam
2026-03-15 22:27:30,754 - WARNING - DANGEROUS PERSON DETECTED: 0302CS221110 (Medium) — spam
2026-03-15 22:27:31,761 - WARNING - DANGEROUS PERSON DETECTED: 0302CS221110 (Medium) — spam
2026-03-15 22:27:32,763 - WARNING - DANGEROUS PERSON DETECTED: 0302CS221110 (Medium) — spam
2026-03-15 22:27:33,765 - WARNING - DANGEROUS PERSON DETECTED: 0302CS221110 (Medium) — spam
2026-03-15 22:27:34,749 - WARNING - DANGEROUS PERSON DETECTED: 0302CS221110 (Medium) — spam
2026-03-15 22:27:35,758 - WARNING - DANGEROUS PERSON DETECTED: 0302CS221110 (Medium) — spam
2026-03-15 22:27:36,762 - WARNING - DANGEROUS PERSON DETECTED: 0302CS221110 (Medium) — spam
2026-03-15 22:27:37,751 - WARNING - DANGEROUS PERSON DETECTED: 0302CS221110 (Medium) — spam
2026-03-15 22:27:38,750 - WARNING - DANGEROUS PERSON DETECTED: 0302CS221110 (Medium) — spam
2026-03-15 22:27:39,753 - WARNING - DANGEROUS PERSON DETECTED: 0302CS221110 (Medium) — spam
2026-03-15 22:27:40,754 - WARNING - DANGEROUS PERSON DETECTED: 0302CS221110 (Medium) — spam
2026-03-15 22:27:41,754 - WARNING - DANGEROUS PERSON DETECTED: 0302CS221110 (Medium) — spam
2026-03-15 22:27:42,755 - WARNING - DANGEROUS PERSON DETECTED: 0302CS221110 (Medium) — spam
2026-03-15 22:27:43,751 - WARNING - DANGEROUS PERSON DETECTED: 0302CS221110 (Medium) — spam
2026-03-15 22:27:44,753 - WARNING - DANGEROUS PERSON DETECTED: 0302CS221110 (Medium) — spam
2026-03-15 22:27:45,756 - WARNING - DANGEROUS PERSON DETECTED: 0302CS221110 (Medium) — spam
2026-03-15 22:27:46,764 - WARNING - DANGEROUS PERSON DETECTED: 0302CS221110 (Medium) — spam
2026-03-15 22:27:47,760 - WARNING - DANGEROUS PERSON DETECTED: 0302CS221110 (Medium) — spam
2026-03-15 22:27:48,755 - WARNING - DANGEROUS PERSON DETECTED: 0302CS221110 (Medium) — spam
2026-03-15 22:27:49,762 - WARNING - DANGEROUS PERSON DETECTED: 0302CS221110 (Medium) — spam
2026-03-15 22:27:50,753 - WARNING - DANGEROUS PERSON DETECTED: 0302CS221110 (Medium) — spam
2026-03-15 22:27:51,753 - WARNING - DANGEROUS PERSON DETECTED: 0302CS221110 (Medium) — spam
2026-03-15 22:27:52,764 - WARNING - DANGEROUS PERSON DETECTED: 0302CS221110 (Medium) — spam
2026-03-15 22:27:53,759 - WARNING - DANGEROUS PERSON DETECTED: 0302CS221110 (Medium) — spam
2026-03-15 22:27:54,765 - WARNING - DANGEROUS PERSON DETECTED: 0302CS221110 (Medium) — spam
2026-03-15 22:27:55,213 - WARNING - DANGEROUS PERSON DETECTED: 0302CS221110 (Medium) — spam
2026-03-15 22:27:55,760 - WARNING - DANGEROUS PERSON DETECTED: 0302CS221110 (Medium) — spam
2026-03-15 22:27:56,753 - WARNING - DANGEROUS PERSON DETECTED: 0302CS221110 (Medium) — spam
2026-03-15 22:27:57,752 - WARNING - DANGEROUS PERSON DETECTED: 0302CS221110 (Medium) — spam
2026-03-15 22:27:57,760 - WARNING - DANGEROUS PERSON DETECTED: 0302CS221110 (Medium) — spam
2026-03-15 22:27:58,762 - WARNING - DANGEROUS PERSON DETECTED: 0302CS221110 (Medium) — spam
2026-03-15 22:27:59,768 - WARNING - DANGEROUS PERSON DETECTED: 0302CS221110 (Medium) — spam
2026-03-15 22:28:00,761 - WARNING - DANGEROUS PERSON DETECTED: 0302CS221110 (Medium) — spam
2026-03-15 22:28:01,757 - WARNING - DANGEROUS PERSON DETECTED: 0302CS221110 (Medium) — spam
2026-03-15 22:28:02,849 - WARNING - DANGEROUS PERSON DETECTED: 0302CS221110 (Medium) — spam
2026-03-16 10:31:52,347 - INFO - Auto-encode 6264282808: Encoded 15 face(s) for 6264282808
2026-03-16 10:32:40,918 - INFO - Attendance for '0302CS221147' already marked (within 45 min).
2026-03-16 10:32:40,918 - INFO - Attendance for '0302CS221145' already marked (within 45 min).
2026-03-16 10:32:40,918 - INFO - Attendance for '0302CS221132' already marked (within 45 min).
2026-03-16 10:32:40,918 - INFO - Attendance for '0302CS221101' already marked (within 45 min).
2026-03-16 10:32:50,785 - WARNING - DANGEROUS PERSON DETECTED: 0302CS221132 (High) — Spam
2026-03-16 10:33:01,240 - WARNING - DANGEROUS PERSON DETECTED: 0302CS221132 (High) — Spam
2026-03-16 10:33:20,940 - INFO - Login success: 6264282808 (user)
2026-03-16 10:33:20,940 - INFO - Login: 6264282808 (user)
2026-03-16 10:33:22,250 - INFO - insightface buffalo_l loaded
2026-03-16 10:33:22,252 - INFO - Loaded 1 flagged persons
2026-03-16 10:33:22,283 - INFO - Loaded 1 flagged persons
2026-03-16 10:33:51,855 - WARNING - DANGEROUS PERSON DETECTED: 0302CS221132 (High) — Spam
2026-03-16 10:33:52,840 - WARNING - DANGEROUS PERSON DETECTED: 0302CS221132 (High) — Spam
2026-03-16 10:33:53,842 - WARNING - DANGEROUS PERSON DETECTED: 0302CS221132 (High) — Spam
2026-03-16 10:33:54,845 - WARNING - DANGEROUS PERSON DETECTED: 0302CS221132 (High) — Spam
2026-03-16 10:33:55,841 - WARNING - DANGEROUS PERSON DETECTED: 0302CS221132 (High) — Spam
2026-03-16 10:33:56,830 - WARNING - DANGEROUS PERSON DETECTED: 0302CS221132 (High) — Spam
2026-03-16 10:33:57,839 - WARNING - DANGEROUS PERSON DETECTED: 0302CS221132 (High) — Spam
2026-03-16 10:33:58,832 - WARNING - DANGEROUS PERSON DETECTED: 0302CS221132 (High) — Spam
2026-03-16 10:33:59,839 - WARNING - DANGEROUS PERSON DETECTED: 0302CS221132 (High) — Spam
2026-03-16 10:34:00,837 - WARNING - DANGEROUS PERSON DETECTED: 0302CS221132 (High) — Spam
2026-03-16 10:34:01,841 - WARNING - DANGEROUS PERSON DETECTED: 0302CS221132 (High) — Spam
2026-03-16 10:34:02,837 - WARNING - DANGEROUS PERSON DETECTED: 0302CS221132 (High) — Spam
2026-03-16 10:34:03,842 - WARNING - DANGEROUS PERSON DETECTED: 0302CS221132 (High) — Spam
2026-03-16 10:34:04,836 - WARNING - DANGEROUS PERSON DETECTED: 0302CS221132 (High) — Spam
2026-03-16 10:34:05,837 - WARNING - DANGEROUS PERSON DETECTED: 0302CS221132 (High) — Spam
2026-03-16 10:34:06,838 - WARNING - DANGEROUS PERSON DETECTED: 0302CS221132 (High) — Spam
2026-03-16 10:34:07,845 - WARNING - DANGEROUS PERSON DETECTED: 0302CS221132 (High) — Spam
2026-03-16 10:34:08,837 - WARNING - DANGEROUS PERSON DETECTED: 0302CS221132 (High) — Spam
2026-03-16 10:34:09,843 - WARNING - DANGEROUS PERSON DETECTED: 0302CS221132 (High) — Spam
2026-03-16 10:34:10,830 - WARNING - DANGEROUS PERSON DETECTED: 0302CS221132 (High) — Spam
2026-03-16 10:34:11,840 - WARNING - DANGEROUS PERSON DETECTED: 0302CS221132 (High) — Spam
2026-03-16 10:34:12,832 - WARNING - DANGEROUS PERSON DETECTED: 0302CS221132 (High) — Spam
2026-03-16 10:34:13,839 - WARNING - DANGEROUS PERSON DETECTED: 0302CS221132 (High) — Spam
2026-03-16 10:34:14,831 - WARNING - DANGEROUS PERSON DETECTED: 0302CS221132 (High) — Spam
2026-03-16 10:34:15,840 - WARNING - DANGEROUS PERSON DETECTED: 0302CS221132 (High) — Spam
2026-03-16 10:34:16,831 - WARNING - DANGEROUS PERSON DETECTED: 0302CS221132 (High) — Spam
2026-03-16 10:34:17,839 - WARNING - DANGEROUS PERSON DETECTED: 0302CS221132 (High) — Spam
2026-03-16 10:34:18,598 - INFO - Loaded 1 flagged persons
2026-03-16 10:34:20,058 - INFO - insightface buffalo_l loaded
2026-03-16 10:34:20,883 - WARNING - DANGEROUS PERSON DETECTED: 0302CS221132 (High) — Spam
2026-03-16 10:34:21,929 - WARNING - DANGEROUS PERSON DETECTED: 0302CS221132 (High) — Spam
2026-03-16 10:34:22,449 - INFO - Attendance marked for '6264282808'.
2026-03-16 10:34:22,827 - INFO - Attendance for '6264282808' already marked (within 45 min).
2026-03-16 10:34:22,846 - WARNING - DANGEROUS PERSON DETECTED: 0302CS221132 (High) — Spam
2026-03-16 10:34:23,359 - INFO - Attendance for '6264282808' already marked (within 45 min).
2026-03-16 10:34:23,845 - WARNING - DANGEROUS PERSON DETECTED: 0302CS221132 (High) — Spam
2026-03-16 10:34:23,862 - INFO - Attendance for '6264282808' already marked (within 45 min).
2026-03-16 10:34:24,494 - INFO - Attendance for '6264282808' already marked (within 45 min).
2026-03-16 10:34:24,842 - WARNING - DANGEROUS PERSON DETECTED: 0302CS221132 (High) — Spam
2026-03-16 10:34:24,976 - INFO - Attendance for '6264282808' already marked (within 45 min).
2026-03-16 10:34:25,442 - INFO - Attendance for '6264282808' already marked (within 45 min).
2026-03-16 10:34:25,847 - WARNING - DANGEROUS PERSON DETECTED: 0302CS221132 (High) — Spam
2026-03-16 10:34:26,066 - INFO - Attendance for '6264282808' already marked (within 45 min).
2026-03-16 10:34:26,648 - INFO - Attendance for '6264282808' already marked (within 45 min).
2026-03-16 10:34:26,833 - WARNING - DANGEROUS PERSON DETECTED: 0302CS221132 (High) — Spam
2026-03-16 10:34:27,164 - INFO - Attendance for '6264282808' already marked (within 45 min).
2026-03-16 10:34:27,571 - INFO - Attendance for '6264282808' already marked (within 45 min).
2026-03-16 10:34:27,875 - WARNING - DANGEROUS PERSON DETECTED: 0302CS221132 (High) — Spam
2026-03-16 10:34:28,830 - WARNING - DANGEROUS PERSON DETECTED: 0302CS221132 (High) — Spam
2026-03-16 10:34:29,831 - WARNING - DANGEROUS PERSON DETECTED: 0302CS221132 (High) — Spam
2026-03-16 10:34:30,841 - WARNING - DANGEROUS PERSON DETECTED: 0302CS221132 (High) — Spam
2026-03-16 10:34:31,831 - WARNING - DANGEROUS PERSON DETECTED: 0302CS221132 (High) — Spam
2026-03-16 10:34:32,838 - WARNING - DANGEROUS PERSON DETECTED: 0302CS221132 (High) — Spam
2026-03-16 10:34:33,844 - WARNING - DANGEROUS PERSON DETECTED: 0302CS221132 (High) — Spam
2026-03-16 10:34:34,832 - WARNING - DANGEROUS PERSON DETECTED: 0302CS221132 (High) — Spam
2026-03-16 10:34:35,838 - WARNING - DANGEROUS PERSON DETECTED: 0302CS221132 (High) — Spam
2026-03-16 10:34:36,830 - WARNING - DANGEROUS PERSON DETECTED: 0302CS221132 (High) — Spam
2026-03-16 10:34:37,840 - WARNING - DANGEROUS PERSON DETECTED: 0302CS221132 (High) — Spam
2026-03-16 10:34:38,774 - INFO - Login success: admin (admin)
2026-03-16 10:34:38,774 - INFO - Login: admin (admin)
2026-03-16 10:34:39,915 - INFO - insightface buffalo_l loaded
2026-03-16 10:34:39,915 - INFO - Loaded 1 flagged persons
2026-03-16 10:34:39,970 - INFO - Loaded 1 flagged persons
2026-03-16 10:34:39,995 - INFO - Loaded 1 flagged persons
2026-03-16 10:34:41,384 - INFO - insightface buffalo_l loaded
2026-03-16 10:34:41,937 - WARNING - DANGEROUS PERSON DETECTED: 0302CS221132 (High) — Spam
2026-03-16 10:34:42,837 - WARNING - DANGEROUS PERSON DETECTED: 0302CS221132 (High) — Spam
2026-03-16 10:34:43,847 - WARNING - DANGEROUS PERSON DETECTED: 0302CS221132 (High) — Spam
2026-03-16 10:34:44,840 - WARNING - DANGEROUS PERSON DETECTED: 0302CS221132 (High) — Spam
2026-03-16 10:34:45,843 - WARNING - DANGEROUS PERSON DETECTED: 0302CS221132 (High) — Spam
2026-03-16 10:34:46,846 - WARNING - DANGEROUS PERSON DETECTED: 0302CS221132 (High) — Spam
2026-03-16 10:34:47,846 - WARNING - DANGEROUS PERSON DETECTED: 0302CS221132 (High) — Spam
2026-03-16 10:34:48,846 - WARNING - DANGEROUS PERSON DETECTED: 0302CS221132 (High) — Spam
2026-03-16 10:34:49,852 - WARNING - DANGEROUS PERSON DETECTED: 0302CS221132 (High) — Spam
2026-03-16 10:34:50,857 - WARNING - DANGEROUS PERSON DETECTED: 0302CS221132 (High) — Spam
2026-03-16 10:34:51,857 - WARNING - DANGEROUS PERSON DETECTED: 0302CS221132 (High) — Spam
2026-03-16 10:34:52,856 - WARNING - DANGEROUS PERSON DETECTED: 0302CS221132 (High) — Spam
2026-03-16 10:34:53,855 - WARNING - DANGEROUS PERSON DETECTED: 0302CS221132 (High) — Spam
2026-03-16 10:34:54,856 - WARNING - DANGEROUS PERSON DETECTED: 0302CS221132 (High) — Spam
2026-03-16 10:34:55,861 - WARNING - DANGEROUS PERSON DETECTED: 0302CS221132 (High) — Spam
2026-03-16 10:34:56,863 - WARNING - DANGEROUS PERSON DETECTED: 0302CS221132 (High) — Spam
2026-03-16 10:34:57,848 - WARNING - DANGEROUS PERSON DETECTED: 0302CS221132 (High) — Spam
2026-03-16 10:34:58,850 - WARNING - DANGEROUS PERSON DETECTED: 0302CS221132 (High) — Spam
2026-03-16 10:34:59,861 - WARNING - DANGEROUS PERSON DETECTED: 0302CS221132 (High) — Spam
2026-03-16 10:35:00,862 - WARNING - DANGEROUS PERSON DETECTED: 0302CS221132 (High) — Spam
2026-03-16 10:35:01,866 - WARNING - DANGEROUS PERSON DETECTED: 0302CS221132 (High) — Spam
2026-03-16 10:35:02,869 - WARNING - DANGEROUS PERSON DETECTED: 0302CS221132 (High) — Spam
2026-03-16 10:35:03,868 - WARNING - DANGEROUS PERSON DETECTED: 0302CS221132 (High) — Spam
2026-03-16 10:35:04,861 - WARNING - DANGEROUS PERSON DETECTED: 0302CS221132 (High) — Spam
2026-03-16 10:35:05,868 - WARNING - DANGEROUS PERSON DETECTED: 0302CS221132 (High) — Spam
2026-03-16 10:35:06,871 - WARNING - DANGEROUS PERSON DETECTED: 0302CS221132 (High) — Spam
2026-03-16 10:35:07,872 - WARNING - DANGEROUS PERSON DETECTED: 0302CS221132 (High) — Spam
2026-03-16 10:35:08,876 - WARNING - DANGEROUS PERSON DETECTED: 0302CS221132 (High) — Spam
2026-03-16 10:35:09,877 - WARNING - DANGEROUS PERSON DETECTED: 0302CS221132 (High) — Spam
2026-03-16 10:35:10,865 - WARNING - DANGEROUS PERSON DETECTED: 0302CS221132 (High) — Spam
2026-03-16 10:35:11,871 - WARNING - DANGEROUS PERSON DETECTED: 0302CS221132 (High) — Spam
2026-03-16 10:35:12,869 - WARNING - DANGEROUS PERSON DETECTED: 0302CS221132 (High) — Spam
2026-03-16 10:35:13,872 - WARNING - DANGEROUS PERSON DETECTED: 0302CS221132 (High) — Spam
2026-03-16 10:35:14,460 - WARNING - DANGEROUS PERSON DETECTED: 0302CS221132 (High) — Spam
2026-03-16 10:35:14,869 - WARNING - DANGEROUS PERSON DETECTED: 0302CS221132 (High) — Spam
2026-03-16 10:35:15,871 - WARNING - DANGEROUS PERSON DETECTED: 0302CS221132 (High) — Spam
2026-03-16 10:35:16,875 - WARNING - DANGEROUS PERSON DETECTED: 0302CS221132 (High) — Spam
2026-03-16 10:35:17,460 - INFO - Attendance for '6264282808' already marked (within 45 min).
2026-03-16 10:35:17,865 - WARNING - DANGEROUS PERSON DETECTED: 0302CS221132 (High) — Spam
2026-03-16 10:35:18,075 - INFO - Attendance for '6264282808' already marked (within 45 min).
2026-03-16 10:35:18,534 - WARNING - DANGEROUS PERSON DETECTED: 0302CS221132 (High) — Spam
2026-03-16 10:35:18,625 - INFO - Attendance for '6264282808' already marked (within 45 min).
2026-03-16 10:35:18,880 - WARNING - DANGEROUS PERSON DETECTED: 0302CS221132 (High) — Spam
2026-03-16 10:35:19,241 - INFO - Attendance for '6264282808' already marked (within 45 min).
2026-03-16 10:35:19,817 - INFO - Attendance for '6264282808' already marked (within 45 min).
2026-03-16 10:35:19,866 - WARNING - DANGEROUS PERSON DETECTED: 0302CS221132 (High) — Spam
2026-03-16 10:35:20,430 - INFO - Attendance for '6264282808' already marked (within 45 min).
2026-03-16 10:35:20,866 - WARNING - DANGEROUS PERSON DETECTED: 0302CS221132 (High) — Spam
2026-03-16 10:35:20,992 - INFO - Attendance for '6264282808' already marked (within 45 min).
2026-03-16 10:35:21,865 - WARNING - DANGEROUS PERSON DETECTED: 0302CS221132 (High) — Spam
2026-03-16 10:35:22,867 - WARNING - DANGEROUS PERSON DETECTED: 0302CS221132 (High) — Spam
2026-03-16 10:35:23,338 - INFO - Attendance for '6264282808' already marked (within 45 min).
2026-03-16 10:35:23,868 - WARNING - DANGEROUS PERSON DETECTED: 0302CS221132 (High) — Spam
2026-03-16 10:35:24,005 - INFO - Attendance for '6264282808' already marked (within 45 min).
2026-03-16 10:35:24,870 - WARNING - DANGEROUS PERSON DETECTED: 0302CS221132 (High) — Spam
2026-03-16 10:35:25,873 - WARNING - DANGEROUS PERSON DETECTED: 0302CS221132 (High) — Spam
2026-03-16 10:35:26,871 - WARNING - DANGEROUS PERSON DETECTED: 0302CS221132 (High) — Spam
2026-03-16 10:35:27,876 - WARNING - DANGEROUS PERSON DETECTED: 0302CS221132 (High) — Spam
2026-03-16 10:35:28,872 - WARNING - DANGEROUS PERSON DETECTED: 0302CS221132 (High) — Spam
2026-03-16 10:35:29,878 - WARNING - DANGEROUS PERSON DETECTED: 0302CS221132 (High) — Spam
2026-03-16 10:35:30,876 - WARNING - DANGEROUS PERSON DETECTED: 0302CS221132 (High) — Spam
2026-03-16 10:35:31,866 - WARNING - DANGEROUS PERSON DETECTED: 0302CS221132 (High) — Spam
2026-03-16 10:35:32,871 - WARNING - DANGEROUS PERSON DETECTED: 0302CS221132 (High) — Spam
2026-03-16 10:35:33,871 - WARNING - DANGEROUS PERSON DETECTED: 0302CS221132 (High) — Spam
2026-03-16 10:35:34,876 - WARNING - DANGEROUS PERSON DETECTED: 0302CS221132 (High) — Spam
2026-03-16 10:35:35,877 - WARNING - DANGEROUS PERSON DETECTED: 0302CS221132 (High) — Spam
2026-03-16 10:35:37,044 - WARNING - DANGEROUS PERSON DETECTED: 0302CS221132 (High) — Spam
2026-03-16 10:35:37,877 - WARNING - DANGEROUS PERSON DETECTED: 0302CS221132 (High) — Spam
2026-03-16 10:35:38,866 - WARNING - DANGEROUS PERSON DETECTED: 0302CS221132 (High) — Spam
2026-03-16 10:35:39,875 - WARNING - DANGEROUS PERSON DETECTED: 0302CS221132 (High) — Spam
2026-03-16 10:35:40,868 - WARNING - DANGEROUS PERSON DETECTED: 0302CS221132 (High) — Spam
2026-03-16 10:35:41,870 - WARNING - DANGEROUS PERSON DETECTED: 0302CS221132 (High) — Spam
2026-03-16 10:35:42,874 - WARNING - DANGEROUS PERSON DETECTED: 0302CS221132 (High) — Spam
2026-03-16 10:35:43,862 - WARNING - DANGEROUS PERSON DETECTED: 0302CS221132 (High) — Spam
2026-03-16 10:35:44,862 - WARNING - DANGEROUS PERSON DETECTED: 0302CS221132 (High) — Spam
2026-03-16 10:35:45,866 - WARNING - DANGEROUS PERSON DETECTED: 0302CS221132 (High) — Spam
2026-03-16 10:35:46,873 - WARNING - DANGEROUS PERSON DETECTED: 0302CS221132 (High) — Spam
2026-03-16 10:35:47,877 - WARNING - DANGEROUS PERSON DETECTED: 0302CS221132 (High) — Spam
2026-03-16 10:35:48,868 - WARNING - DANGEROUS PERSON DETECTED: 0302CS221132 (High) — Spam
2026-03-16 10:35:49,877 - WARNING - DANGEROUS PERSON DETECTED: 0302CS221132 (High) — Spam
2026-03-16 10:35:50,867 - WARNING - DANGEROUS PERSON DETECTED: 0302CS221132 (High) — Spam
2026-03-16 10:35:51,872 - WARNING - DANGEROUS PERSON DETECTED: 0302CS221132 (High) — Spam
2026-03-16 10:35:52,874 - WARNING - DANGEROUS PERSON DETECTED: 0302CS221132 (High) — Spam
2026-03-16 10:35:53,864 - WARNING - DANGEROUS PERSON DETECTED: 0302CS221132 (High) — Spam
2026-03-16 10:35:54,865 - WARNING - DANGEROUS PERSON DETECTED: 0302CS221132 (High) — Spam
2026-03-16 10:35:55,863 - WARNING - DANGEROUS PERSON DETECTED: 0302CS221132 (High) — Spam
2026-03-16 10:35:56,864 - WARNING - DANGEROUS PERSON DETECTED: 0302CS221132 (High) — Spam
2026-03-16 10:35:57,872 - WARNING - DANGEROUS PERSON DETECTED: 0302CS221132 (High) — Spam
2026-03-16 10:35:58,879 - WARNING - DANGEROUS PERSON DETECTED: 0302CS221132 (High) — Spam
2026-03-16 10:35:59,880 - WARNING - DANGEROUS PERSON DETECTED: 0302CS221132 (High) — Spam
2026-03-16 10:36:00,864 - WARNING - DANGEROUS PERSON DETECTED: 0302CS221132 (High) — Spam
2026-03-16 10:36:01,864 - WARNING - DANGEROUS PERSON DETECTED: 0302CS221132 (High) — Spam
2026-03-16 10:36:02,868 - WARNING - DANGEROUS PERSON DETECTED: 0302CS221132 (High) — Spam
2026-03-16 10:36:03,876 - WARNING - DANGEROUS PERSON DETECTED: 0302CS221132 (High) — Spam
2026-03-16 10:36:04,875 - WARNING - DANGEROUS PERSON DETECTED: 0302CS221132 (High) — Spam
2026-03-16 10:36:05,877 - WARNING - DANGEROUS PERSON DETECTED: 0302CS221132 (High) — Spam
2026-03-16 10:36:06,866 - WARNING - DANGEROUS PERSON DETECTED: 0302CS221132 (High) — Spam
2026-03-16 10:36:07,876 - WARNING - DANGEROUS PERSON DETECTED: 0302CS221132 (High) — Spam
2026-03-16 10:36:08,877 - WARNING - DANGEROUS PERSON DETECTED: 0302CS221132 (High) — Spam
2026-03-16 10:36:09,867 - WARNING - DANGEROUS PERSON DETECTED: 0302CS221132 (High) — Spam
2026-03-16 10:36:10,879 - WARNING - DANGEROUS PERSON DETECTED: 0302CS221132 (High) — Spam
2026-03-16 10:36:11,865 - WARNING - DANGEROUS PERSON DETECTED: 0302CS221132 (High) — Spam
2026-03-16 10:36:12,868 - WARNING - DANGEROUS PERSON DETECTED: 0302CS221132 (High) — Spam
2026-03-16 10:36:13,866 - WARNING - DANGEROUS PERSON DETECTED: 0302CS221132 (High) — Spam
2026-03-16 10:36:14,519 - WARNING - DANGEROUS PERSON DETECTED: 0302CS221132 (High) — Spam
2026-03-16 10:36:14,863 - WARNING - DANGEROUS PERSON DETECTED: 0302CS221132 (High) — Spam
2026-03-16 10:36:15,524 - WARNING - DANGEROUS PERSON DETECTED: 0302CS221132 (High) — Spam
2026-03-16 10:36:15,867 - WARNING - DANGEROUS PERSON DETECTED: 0302CS221132 (High) — Spam
2026-03-16 10:36:16,523 - WARNING - DANGEROUS PERSON DETECTED: 0302CS221132 (High) — Spam
2026-03-16 10:36:16,864 - WARNING - DANGEROUS PERSON DETECTED: 0302CS221132 (High) — Spam
2026-03-16 10:36:17,529 - WARNING - DANGEROUS PERSON DETECTED: 0302CS221132 (High) — Spam
2026-03-16 10:36:17,989 - WARNING - DANGEROUS PERSON DETECTED: 0302CS221132 (High) — Spam
2026-03-16 10:36:18,522 - WARNING - DANGEROUS PERSON DETECTED: 0302CS221132 (High) — Spam
2026-03-16 10:36:18,873 - WARNING - DANGEROUS PERSON DETECTED: 0302CS221132 (High) — Spam
2026-03-16 10:36:19,531 - WARNING - DANGEROUS PERSON DETECTED: 0302CS221132 (High) — Spam
2026-03-16 10:36:19,865 - WARNING - DANGEROUS PERSON DETECTED: 0302CS221132 (High) — Spam
2026-03-16 10:36:20,531 - WARNING - DANGEROUS PERSON DETECTED: 0302CS221132 (High) — Spam
2026-03-16 10:36:20,866 - WARNING - DANGEROUS PERSON DETECTED: 0302CS221132 (High) — Spam
2026-03-16 10:36:21,520 - WARNING - DANGEROUS PERSON DETECTED: 0302CS221132 (High) — Spam
2026-03-16 10:36:21,874 - WARNING - DANGEROUS PERSON DETECTED: 0302CS221132 (High) — Spam
2026-03-16 10:36:22,532 - WARNING - DANGEROUS PERSON DETECTED: 0302CS221132 (High) — Spam
2026-03-16 10:36:22,877 - WARNING - DANGEROUS PERSON DETECTED: 0302CS221132 (High) — Spam
2026-03-16 10:36:23,531 - WARNING - DANGEROUS PERSON DETECTED: 0302CS221132 (High) — Spam
2026-03-16 10:36:23,877 - WARNING - DANGEROUS PERSON DETECTED: 0302CS221132 (High) — Spam
2026-03-16 10:36:24,534 - WARNING - DANGEROUS PERSON DETECTED: 0302CS221132 (High) — Spam
2026-03-16 10:36:24,877 - WARNING - DANGEROUS PERSON DETECTED: 0302CS221132 (High) — Spam
2026-03-16 10:36:25,521 - WARNING - DANGEROUS PERSON DETECTED: 0302CS221132 (High) — Spam
2026-03-16 10:36:25,882 - WARNING - DANGEROUS PERSON DETECTED: 0302CS221132 (High) — Spam
2026-03-16 10:36:26,526 - WARNING - DANGEROUS PERSON DETECTED: 0302CS221132 (High) — Spam
2026-03-16 10:36:26,893 - WARNING - DANGEROUS PERSON DETECTED: 0302CS221132 (High) — Spam
2026-03-16 10:36:27,527 - WARNING - DANGEROUS PERSON DETECTED: 0302CS221132 (High) — Spam
2026-03-16 10:36:27,888 - WARNING - DANGEROUS PERSON DETECTED: 0302CS221132 (High) — Spam
2026-03-16 10:36:28,531 - WARNING - DANGEROUS PERSON DETECTED: 0302CS221132 (High) — Spam
2026-03-16 10:36:28,888 - WARNING - DANGEROUS PERSON DETECTED: 0302CS221132 (High) — Spam
2026-03-16 10:36:29,529 - WARNING - DANGEROUS PERSON DETECTED: 0302CS221132 (High) — Spam
2026-03-16 10:36:29,890 - WARNING - DANGEROUS PERSON DETECTED: 0302CS221132 (High) — Spam
2026-03-16 10:36:30,531 - WARNING - DANGEROUS PERSON DETECTED: 0302CS221132 (High) — Spam
2026-03-16 10:36:30,894 - WARNING - DANGEROUS PERSON DETECTED: 0302CS221132 (High) — Spam
2026-03-16 10:36:31,520 - WARNING - DANGEROUS PERSON DETECTED: 0302CS221132 (High) — Spam
2026-03-16 10:36:31,894 - WARNING - DANGEROUS PERSON DETECTED: 0302CS221132 (High) — Spam
2026-03-16 10:36:32,521 - WARNING - DANGEROUS PERSON DETECTED: 0302CS221132 (High) — Spam
2026-03-16 10:36:32,877 - WARNING - DANGEROUS PERSON DETECTED: 0302CS221132 (High) — Spam
2026-03-16 10:36:33,521 - WARNING - DANGEROUS PERSON DETECTED: 0302CS221132 (High) — Spam
2026-03-16 10:36:33,882 - WARNING - DANGEROUS PERSON DETECTED: 0302CS221132 (High) — Spam
2026-03-16 10:36:34,522 - WARNING - DANGEROUS PERSON DETECTED: 0302CS221132 (High) — Spam
2026-03-16 10:36:34,883 - WARNING - DANGEROUS PERSON DETECTED: 0302CS221132 (High) — Spam
2026-03-16 10:36:35,523 - WARNING - DANGEROUS PERSON DETECTED: 0302CS221132 (High) — Spam
2026-03-16 10:36:35,879 - WARNING - DANGEROUS PERSON DETECTED: 0302CS221132 (High) — Spam
2026-03-16 10:36:36,525 - WARNING - DANGEROUS PERSON DETECTED: 0302CS221132 (High) — Spam
2026-03-16 10:36:36,887 - WARNING - DANGEROUS PERSON DETECTED: 0302CS221132 (High) — Spam
2026-03-16 10:36:37,527 - WARNING - DANGEROUS PERSON DETECTED: 0302CS221132 (High) — Spam
2026-03-16 10:36:37,889 - WARNING - DANGEROUS PERSON DETECTED: 0302CS221132 (High) — Spam
2026-03-16 10:36:38,529 - WARNING - DANGEROUS PERSON DETECTED: 0302CS221132 (High) — Spam
2026-03-16 10:36:38,890 - WARNING - DANGEROUS PERSON DETECTED: 0302CS221132 (High) — Spam
2026-03-16 10:36:39,522 - WARNING - DANGEROUS PERSON DETECTED: 0302CS221132 (High) — Spam
2026-03-16 10:36:39,888 - WARNING - DANGEROUS PERSON DETECTED: 0302CS221132 (High) — Spam
2026-03-16 10:36:40,528 - WARNING - DANGEROUS PERSON DETECTED: 0302CS221132 (High) — Spam
2026-03-16 10:36:40,892 - WARNING - DANGEROUS PERSON DETECTED: 0302CS221132 (High) — Spam
2026-03-16 10:36:41,525 - WARNING - DANGEROUS PERSON DETECTED: 0302CS221132 (High) — Spam
2026-03-16 10:36:41,895 - WARNING - DANGEROUS PERSON DETECTED: 0302CS221132 (High) — Spam
2026-03-16 10:36:42,519 - WARNING - DANGEROUS PERSON DETECTED: 0302CS221132 (High) — Spam
2026-03-16 10:36:42,884 - WARNING - DANGEROUS PERSON DETECTED: 0302CS221132 (High) — Spam
2026-03-16 10:36:43,526 - WARNING - DANGEROUS PERSON DETECTED: 0302CS221132 (High) — Spam
2026-03-16 10:36:43,890 - WARNING - DANGEROUS PERSON DETECTED: 0302CS221132 (High) — Spam
2026-03-16 10:36:44,518 - WARNING - DANGEROUS PERSON DETECTED: 0302CS221132 (High) — Spam
2026-03-16 10:36:44,885 - WARNING - DANGEROUS PERSON DETECTED: 0302CS221132 (High) — Spam
2026-03-16 10:36:45,525 - WARNING - DANGEROUS PERSON DETECTED: 0302CS221132 (High) — Spam
2026-03-16 10:36:45,893 - WARNING - DANGEROUS PERSON DETECTED: 0302CS221132 (High) — Spam
2026-03-16 10:36:46,518 - WARNING - DANGEROUS PERSON DETECTED: 0302CS221132 (High) — Spam
2026-03-16 10:36:46,892 - WARNING - DANGEROUS PERSON DETECTED: 0302CS221132 (High) — Spam
2026-03-16 10:36:47,522 - WARNING - DANGEROUS PERSON DETECTED: 0302CS221132 (High) — Spam
2026-03-16 10:36:47,884 - WARNING - DANGEROUS PERSON DETECTED: 0302CS221132 (High) — Spam
2026-03-16 10:36:48,527 - WARNING - DANGEROUS PERSON DETECTED: 0302CS221132 (High) — Spam
2026-03-16 10:36:48,877 - WARNING - DANGEROUS PERSON DETECTED: 0302CS221132 (High) — Spam
2026-03-16 10:36:49,526 - WARNING - DANGEROUS PERSON DETECTED: 0302CS221132 (High) — Spam
2026-03-16 10:36:50,005 - WARNING - DANGEROUS PERSON DETECTED: 0302CS221132 (High) — Spam
2026-03-16 10:36:50,519 - WARNING - DANGEROUS PERSON DETECTED: 0302CS221132 (High) — Spam
2026-03-16 10:36:50,877 - WARNING - DANGEROUS PERSON DETECTED: 0302CS221132 (High) — Spam
2026-03-16 10:36:51,521 - WARNING - DANGEROUS PERSON DETECTED: 0302CS221132 (High) — Spam
2026-03-16 10:36:51,877 - WARNING - DANGEROUS PERSON DETECTED: 0302CS221132 (High) — Spam
2026-03-16 10:36:52,531 - WARNING - DANGEROUS PERSON DETECTED: 0302CS221132 (High) — Spam
2026-03-16 10:36:52,877 - WARNING - DANGEROUS PERSON DETECTED: 0302CS221132 (High) — Spam
2026-03-16 10:36:53,521 - WARNING - DANGEROUS PERSON DETECTED: 0302CS221132 (High) — Spam
2026-03-16 10:36:53,877 - WARNING - DANGEROUS PERSON DETECTED: 0302CS221132 (High) — Spam
2026-03-16 10:36:54,522 - WARNING - DANGEROUS PERSON DETECTED: 0302CS221132 (High) — Spam
2026-03-16 10:36:54,879 - WARNING - DANGEROUS PERSON DETECTED: 0302CS221132 (High) — Spam
2026-03-16 10:36:55,522 - WARNING - DANGEROUS PERSON DETECTED: 0302CS221132 (High) — Spam
2026-03-16 10:36:55,881 - WARNING - DANGEROUS PERSON DETECTED: 0302CS221132 (High) — Spam
2026-03-16 10:36:56,521 - WARNING - DANGEROUS PERSON DETECTED: 0302CS221132 (High) — Spam
2026-03-16 10:36:56,880 - WARNING - DANGEROUS PERSON DETECTED: 0302CS221132 (High) — Spam
2026-03-16 10:36:57,523 - WARNING - DANGEROUS PERSON DETECTED: 0302CS221132 (High) — Spam
2026-03-16 10:36:57,880 - WARNING - DANGEROUS PERSON DETECTED: 0302CS221132 (High) — Spam
2026-03-16 10:36:58,521 - WARNING - DANGEROUS PERSON DETECTED: 0302CS221132 (High) — Spam
2026-03-16 10:36:58,883 - WARNING - DANGEROUS PERSON DETECTED: 0302CS221132 (High) — Spam
2026-03-16 10:36:59,527 - WARNING - DANGEROUS PERSON DETECTED: 0302CS221132 (High) — Spam
2026-03-16 10:36:59,889 - WARNING - DANGEROUS PERSON DETECTED: 0302CS221132 (High) — Spam
2026-03-16 10:37:00,521 - WARNING - DANGEROUS PERSON DETECTED: 0302CS221132 (High) — Spam
2026-03-16 10:37:00,880 - WARNING - DANGEROUS PERSON DETECTED: 0302CS221132 (High) — Spam
2026-03-16 10:37:01,518 - WARNING - DANGEROUS PERSON DETECTED: 0302CS221132 (High) — Spam
2026-03-16 10:37:01,891 - WARNING - DANGEROUS PERSON DETECTED: 0302CS221132 (High) — Spam
2026-03-16 10:37:02,522 - WARNING - DANGEROUS PERSON DETECTED: 0302CS221132 (High) — Spam
2026-03-16 10:37:02,881 - WARNING - DANGEROUS PERSON DETECTED: 0302CS221132 (High) — Spam
2026-03-16 10:37:03,521 - WARNING - DANGEROUS PERSON DETECTED: 0302CS221132 (High) — Spam
2026-03-16 10:37:03,881 - WARNING - DANGEROUS PERSON DETECTED: 0302CS221132 (High) — Spam
2026-03-16 10:37:04,522 - WARNING - DANGEROUS PERSON DETECTED: 0302CS221132 (High) — Spam
2026-03-16 10:37:04,890 - WARNING - DANGEROUS PERSON DETECTED: 0302CS221132 (High) — Spam
2026-03-16 10:37:05,534 - WARNING - DANGEROUS PERSON DETECTED: 0302CS221132 (High) — Spam
2026-03-16 10:37:05,881 - WARNING - DANGEROUS PERSON DETECTED: 0302CS221132 (High) — Spam
2026-03-16 10:37:06,539 - WARNING - DANGEROUS PERSON DETECTED: 0302CS221132 (High) — Spam
2026-03-16 10:37:06,885 - WARNING - DANGEROUS PERSON DETECTED: 0302CS221132 (High) — Spam
2026-03-16 10:37:07,547 - WARNING - DANGEROUS PERSON DETECTED: 0302CS221132 (High) — Spam
2026-03-16 10:37:07,892 - WARNING - DANGEROUS PERSON DETECTED: 0302CS221132 (High) — Spam
2026-03-16 10:37:08,547 - WARNING - DANGEROUS PERSON DETECTED: 0302CS221132 (High) — Spam
2026-03-16 10:37:08,892 - WARNING - DANGEROUS PERSON DETECTED: 0302CS221132 (High) — Spam
2026-03-16 10:37:09,548 - WARNING - DANGEROUS PERSON DETECTED: 0302CS221132 (High) — Spam
2026-03-16 10:37:09,893 - WARNING - DANGEROUS PERSON DETECTED: 0302CS221132 (High) — Spam
2026-03-16 10:37:10,549 - WARNING - DANGEROUS PERSON DETECTED: 0302CS221132 (High) — Spam
2026-03-16 10:37:10,881 - WARNING - DANGEROUS PERSON DETECTED: 0302CS221132 (High) — Spam
2026-03-16 10:37:11,542 - WARNING - DANGEROUS PERSON DETECTED: 0302CS221132 (High) — Spam
2026-03-16 10:37:11,887 - WARNING - DANGEROUS PERSON DETECTED: 0302CS221132 (High) — Spam
2026-03-16 10:37:12,546 - WARNING - DANGEROUS PERSON DETECTED: 0302CS221132 (High) — Spam
2026-03-16 10:37:12,892 - WARNING - DANGEROUS PERSON DETECTED: 0302CS221132 (High) — Spam
2026-03-16 10:37:13,549 - WARNING - DANGEROUS PERSON DETECTED: 0302CS221132 (High) — Spam
2026-03-16 10:37:13,895 - WARNING - DANGEROUS PERSON DETECTED: 0302CS221132 (High) — Spam
2026-03-16 10:37:14,548 - WARNING - DANGEROUS PERSON DETECTED: 0302CS221132 (High) — Spam
2026-03-16 10:37:14,884 - WARNING - DANGEROUS PERSON DETECTED: 0302CS221132 (High) — Spam
2026-03-16 10:37:15,542 - WARNING - DANGEROUS PERSON DETECTED: 0302CS221132 (High) — Spam
2026-03-16 10:37:15,885 - WARNING - DANGEROUS PERSON DETECTED: 0302CS221132 (High) — Spam
2026-03-16 10:37:16,549 - WARNING - DANGEROUS PERSON DETECTED: 0302CS221132 (High) — Spam
2026-03-16 10:37:16,889 - WARNING - DANGEROUS PERSON DETECTED: 0302CS221132 (High) — Spam
2026-03-16 10:37:17,550 - WARNING - DANGEROUS PERSON DETECTED: 0302CS221132 (High) — Spam
2026-03-16 10:37:17,879 - WARNING - DANGEROUS PERSON DETECTED: 0302CS221132 (High) — Spam
2026-03-16 10:37:18,536 - WARNING - DANGEROUS PERSON DETECTED: 0302CS221132 (High) — Spam
2026-03-16 10:37:18,882 - WARNING - DANGEROUS PERSON DETECTED: 0302CS221132 (High) — Spam
2026-03-16 10:37:19,540 - WARNING - DANGEROUS PERSON DETECTED: 0302CS221132 (High) — Spam
2026-03-16 10:37:19,882 - WARNING - DANGEROUS PERSON DETECTED: 0302CS221132 (High) — Spam
2026-03-16 10:37:20,538 - WARNING - DANGEROUS PERSON DETECTED: 0302CS221132 (High) — Spam
2026-03-16 10:37:20,885 - WARNING - DANGEROUS PERSON DETECTED: 0302CS221132 (High) — Spam
2026-03-16 10:37:21,541 - WARNING - DANGEROUS PERSON DETECTED: 0302CS221132 (High) — Spam
2026-03-16 10:37:21,885 - WARNING - DANGEROUS PERSON DETECTED: 0302CS221132 (High) — Spam
2026-03-16 10:37:22,547 - WARNING - DANGEROUS PERSON DETECTED: 0302CS221132 (High) — Spam
2026-03-16 10:37:22,887 - WARNING - DANGEROUS PERSON DETECTED: 0302CS221132 (High) — Spam
2026-03-16 10:37:23,547 - WARNING - DANGEROUS PERSON DETECTED: 0302CS221132 (High) — Spam
2026-03-16 10:37:23,892 - WARNING - DANGEROUS PERSON DETECTED: 0302CS221132 (High) — Spam
2026-03-16 10:37:24,547 - WARNING - DANGEROUS PERSON DETECTED: 0302CS221132 (High) — Spam
2026-03-16 10:37:24,892 - WARNING - DANGEROUS PERSON DETECTED: 0302CS221132 (High) — Spam
2026-03-16 10:37:25,548 - WARNING - DANGEROUS PERSON DETECTED: 0302CS221132 (High) — Spam
2026-03-16 10:37:25,892 - WARNING - DANGEROUS PERSON DETECTED: 0302CS221132 (High) — Spam
2026-03-16 10:37:26,547 - WARNING - DANGEROUS PERSON DETECTED: 0302CS221132 (High) — Spam
2026-03-16 10:37:26,889 - WARNING - DANGEROUS PERSON DETECTED: 0302CS221132 (High) — Spam
2026-03-16 10:37:27,543 - WARNING - DANGEROUS PERSON DETECTED: 0302CS221132 (High) — Spam
2026-03-16 10:37:27,893 - WARNING - DANGEROUS PERSON DETECTED: 0302CS221132 (High) — Spam
2026-03-16 10:37:28,549 - WARNING - DANGEROUS PERSON DETECTED: 0302CS221132 (High) — Spam
2026-03-16 10:37:28,896 - WARNING - DANGEROUS PERSON DETECTED: 0302CS221132 (High) — Spam
2026-03-16 10:37:29,540 - WARNING - DANGEROUS PERSON DETECTED: 0302CS221132 (High) — Spam
2026-03-16 10:37:29,886 - WARNING - DANGEROUS PERSON DETECTED: 0302CS221132 (High) — Spam
2026-03-16 10:37:30,541 - WARNING - DANGEROUS PERSON DETECTED: 0302CS221132 (High) — Spam
2026-03-16 10:37:30,884 - WARNING - DANGEROUS PERSON DETECTED: 0302CS221132 (High) — Spam
2026-03-16 10:37:31,543 - WARNING - DANGEROUS PERSON DETECTED: 0302CS221132 (High) — Spam
2026-03-16 10:37:31,890 - WARNING - DANGEROUS PERSON DETECTED: 0302CS221132 (High) — Spam
2026-03-16 10:37:32,548 - WARNING - DANGEROUS PERSON DETECTED: 0302CS221132 (High) — Spam
2026-03-16 10:37:32,891 - WARNING - DANGEROUS PERSON DETECTED: 0302CS221132 (High) — Spam
2026-03-16 10:37:33,547 - WARNING - DANGEROUS PERSON DETECTED: 0302CS221132 (High) — Spam
2026-03-16 10:37:33,893 - WARNING - DANGEROUS PERSON DETECTED: 0302CS221132 (High) — Spam
2026-03-16 10:37:34,549 - WARNING - DANGEROUS PERSON DETECTED: 0302CS221132 (High) — Spam
2026-03-16 10:37:34,892 - WARNING - DANGEROUS PERSON DETECTED: 0302CS221132 (High) — Spam
2026-03-16 10:37:35,547 - WARNING - DANGEROUS PERSON DETECTED: 0302CS221132 (High) — Spam
2026-03-16 10:37:35,894 - WARNING - DANGEROUS PERSON DETECTED: 0302CS221132 (High) — Spam
2026-03-16 10:37:36,549 - WARNING - DANGEROUS PERSON DETECTED: 0302CS221132 (High) — Spam
2026-03-16 10:37:36,894 - WARNING - DANGEROUS PERSON DETECTED: 0302CS221132 (High) — Spam
2026-03-16 10:37:37,535 - WARNING - DANGEROUS PERSON DETECTED: 0302CS221132 (High) — Spam
2026-03-16 10:37:37,880 - WARNING - DANGEROUS PERSON DETECTED: 0302CS221132 (High) — Spam
2026-03-16 10:37:38,536 - WARNING - DANGEROUS PERSON DETECTED: 0302CS221132 (High) — Spam
2026-03-16 10:37:38,883 - WARNING - DANGEROUS PERSON DETECTED: 0302CS221132 (High) — Spam
2026-03-16 10:37:39,540 - WARNING - DANGEROUS PERSON DETECTED: 0302CS221132 (High) — Spam
2026-03-16 10:37:39,886 - WARNING - DANGEROUS PERSON DETECTED: 0302CS221132 (High) — Spam
2026-03-16 10:37:40,538 - WARNING - DANGEROUS PERSON DETECTED: 0302CS221132 (High) — Spam
2026-03-16 10:37:40,884 - WARNING - DANGEROUS PERSON DETECTED: 0302CS221132 (High) — Spam
2026-03-16 10:37:41,542 - WARNING - DANGEROUS PERSON DETECTED: 0302CS221132 (High) — Spam
2026-03-16 10:37:41,888 - WARNING - DANGEROUS PERSON DETECTED: 0302CS221132 (High) — Spam
2026-03-16 10:37:42,542 - WARNING - DANGEROUS PERSON DETECTED: 0302CS221132 (High) — Spam
2026-03-16 10:37:42,885 - WARNING - DANGEROUS PERSON DETECTED: 0302CS221132 (High) — Spam
2026-03-16 10:37:43,544 - WARNING - DANGEROUS PERSON DETECTED: 0302CS221132 (High) — Spam
2026-03-16 10:37:43,893 - WARNING - DANGEROUS PERSON DETECTED: 0302CS221132 (High) — Spam
2026-03-16 10:37:44,547 - WARNING - DANGEROUS PERSON DETECTED: 0302CS221132 (High) — Spam
2026-03-16 10:37:44,894 - WARNING - DANGEROUS PERSON DETECTED: 0302CS221132 (High) — Spam
2026-03-16 10:37:45,549 - WARNING - DANGEROUS PERSON DETECTED: 0302CS221132 (High) — Spam
2026-03-16 10:37:45,895 - WARNING - DANGEROUS PERSON DETECTED: 0302CS221132 (High) — Spam
2026-03-16 10:37:46,545 - WARNING - DANGEROUS PERSON DETECTED: 0302CS221132 (High) — Spam
2026-03-16 10:37:46,885 - WARNING - DANGEROUS PERSON DETECTED: 0302CS221132 (High) — Spam
2026-03-16 10:37:47,542 - WARNING - DANGEROUS PERSON DETECTED: 0302CS221132 (High) — Spam
2026-03-16 10:37:47,890 - WARNING - DANGEROUS PERSON DETECTED: 0302CS221132 (High) — Spam
2026-03-16 10:37:48,550 - WARNING - DANGEROUS PERSON DETECTED: 0302CS221132 (High) — Spam
2026-03-16 10:37:48,888 - WARNING - DANGEROUS PERSON DETECTED: 0302CS221132 (High) — Spam
2026-03-16 10:37:49,548 - WARNING - DANGEROUS PERSON DETECTED: 0302CS221132 (High) — Spam
2026-03-16 10:37:49,889 - WARNING - DANGEROUS PERSON DETECTED: 0302CS221132 (High) — Spam
2026-03-16 10:37:50,548 - WARNING - DANGEROUS PERSON DETECTED: 0302CS221132 (High) — Spam
2026-03-16 10:37:50,882 - WARNING - DANGEROUS PERSON DETECTED: 0302CS221132 (High) — Spam
2026-03-16 10:37:51,545 - WARNING - DANGEROUS PERSON DETECTED: 0302CS221132 (High) — Spam
2026-03-16 10:37:51,886 - WARNING - DANGEROUS PERSON DETECTED: 0302CS221132 (High) — Spam
2026-03-16 10:37:52,548 - WARNING - DANGEROUS PERSON DETECTED: 0302CS221132 (High) — Spam
2026-03-16 10:37:52,896 - WARNING - DANGEROUS PERSON DETECTED: 0302CS221132 (High) — Spam
2026-03-16 10:37:53,549 - WARNING - DANGEROUS PERSON DETECTED: 0302CS221132 (High) — Spam
2026-03-16 10:37:53,879 - WARNING - DANGEROUS PERSON DETECTED: 0302CS221132 (High) — Spam
2026-03-16 10:37:54,548 - WARNING - DANGEROUS PERSON DETECTED: 0302CS221132 (High) — Spam
2026-03-16 10:37:54,894 - WARNING - DANGEROUS PERSON DETECTED: 0302CS221132 (High) — Spam
2026-03-16 10:37:55,539 - WARNING - DANGEROUS PERSON DETECTED: 0302CS221132 (High) — Spam
2026-03-16 10:37:55,881 - WARNING - DANGEROUS PERSON DETECTED: 0302CS221132 (High) — Spam
2026-03-16 10:37:56,541 - WARNING - DANGEROUS PERSON DETECTED: 0302CS221132 (High) — Spam
2026-03-16 10:37:56,885 - WARNING - DANGEROUS PERSON DETECTED: 0302CS221132 (High) — Spam
2026-03-16 10:37:57,544 - WARNING - DANGEROUS PERSON DETECTED: 0302CS221132 (High) — Spam
2026-03-16 10:37:57,890 - WARNING - DANGEROUS PERSON DETECTED: 0302CS221132 (High) — Spam
2026-03-16 10:37:58,549 - WARNING - DANGEROUS PERSON DETECTED: 0302CS221132 (High) — Spam
2026-03-16 10:37:58,900 - WARNING - DANGEROUS PERSON DETECTED: 0302CS221132 (High) — Spam
2026-03-16 10:37:59,542 - WARNING - DANGEROUS PERSON DETECTED: 0302CS221132 (High) — Spam
2026-03-16 10:37:59,881 - WARNING - DANGEROUS PERSON DETECTED: 0302CS221132 (High) — Spam
2026-03-16 10:38:00,542 - WARNING - DANGEROUS PERSON DETECTED: 0302CS221132 (High) — Spam
2026-03-16 10:38:00,883 - WARNING - DANGEROUS PERSON DETECTED: 0302CS221132 (High) — Spam
2026-03-16 10:38:01,540 - WARNING - DANGEROUS PERSON DETECTED: 0302CS221132 (High) — Spam
2026-03-16 10:38:01,890 - WARNING - DANGEROUS PERSON DETECTED: 0302CS221132 (High) — Spam
2026-03-16 10:38:02,549 - WARNING - DANGEROUS PERSON DETECTED: 0302CS221132 (High) — Spam
2026-03-16 10:38:02,894 - WARNING - DANGEROUS PERSON DETECTED: 0302CS221132 (High) — Spam
2026-03-16 10:38:03,548 - WARNING - DANGEROUS PERSON DETECTED: 0302CS221132 (High) — Spam
2026-03-16 10:38:03,895 - WARNING - DANGEROUS PERSON DETECTED: 0302CS221132 (High) — Spam
2026-03-16 10:38:04,537 - WARNING - DANGEROUS PERSON DETECTED: 0302CS221132 (High) — Spam
2026-03-16 10:38:04,880 - WARNING - DANGEROUS PERSON DETECTED: 0302CS221132 (High) — Spam
2026-03-16 10:38:05,538 - WARNING - DANGEROUS PERSON DETECTED: 0302CS221132 (High) — Spam
2026-03-16 10:38:05,884 - WARNING - DANGEROUS PERSON DETECTED: 0302CS221132 (High) — Spam
2026-03-16 10:38:06,544 - WARNING - DANGEROUS PERSON DETECTED: 0302CS221132 (High) — Spam
2026-03-16 10:38:06,886 - WARNING - DANGEROUS PERSON DETECTED: 0302CS221132 (High) — Spam
2026-03-16 10:38:07,544 - WARNING - DANGEROUS PERSON DETECTED: 0302CS221132 (High) — Spam
2026-03-16 10:38:07,892 - WARNING - DANGEROUS PERSON DETECTED: 0302CS221132 (High) — Spam
2026-03-16 10:38:08,548 - WARNING - DANGEROUS PERSON DETECTED: 0302CS221132 (High) — Spam
2026-03-16 10:38:08,880 - WARNING - DANGEROUS PERSON DETECTED: 0302CS221132 (High) — Spam
2026-03-16 10:38:09,538 - WARNING - DANGEROUS PERSON DETECTED: 0302CS221132 (High) — Spam
2026-03-16 10:38:09,882 - WARNING - DANGEROUS PERSON DETECTED: 0302CS221132 (High) — Spam
2026-03-16 10:38:10,547 - WARNING - DANGEROUS PERSON DETECTED: 0302CS221132 (High) — Spam
2026-03-16 10:38:10,888 - WARNING - DANGEROUS PERSON DETECTED: 0302CS221132 (High) — Spam
2026-03-16 10:38:11,544 - WARNING - DANGEROUS PERSON DETECTED: 0302CS221132 (High) — Spam
2026-03-16 10:38:11,892 - WARNING - DANGEROUS PERSON DETECTED: 0302CS221132 (High) — Spam
2026-03-16 10:38:12,549 - WARNING - DANGEROUS PERSON DETECTED: 0302CS221132 (High) — Spam
2026-03-16 10:38:12,894 - WARNING - DANGEROUS PERSON DETECTED: 0302CS221132 (High) — Spam
2026-03-16 10:38:13,552 - WARNING - DANGEROUS PERSON DETECTED: 0302CS221132 (High) — Spam
2026-03-16 10:38:13,881 - WARNING - DANGEROUS PERSON DETECTED: 0302CS221132 (High) — Spam
2026-03-16 10:38:14,558 - WARNING - DANGEROUS PERSON DETECTED: 0302CS221132 (High) — Spam
2026-03-16 10:38:14,885 - WARNING - DANGEROUS PERSON DETECTED: 0302CS221132 (High) — Spam
2026-03-16 10:38:15,563 - WARNING - DANGEROUS PERSON DETECTED: 0302CS221132 (High) — Spam
2026-03-16 10:38:15,892 - WARNING - DANGEROUS PERSON DETECTED: 0302CS221132 (High) — Spam
2026-03-16 10:38:16,564 - WARNING - DANGEROUS PERSON DETECTED: 0302CS221132 (High) — Spam
2026-03-16 10:38:16,897 - WARNING - DANGEROUS PERSON DETECTED: 0302CS221132 (High) — Spam
2026-03-16 10:38:17,555 - WARNING - DANGEROUS PERSON DETECTED: 0302CS221132 (High) — Spam
2026-03-16 10:38:17,896 - WARNING - DANGEROUS PERSON DETECTED: 0302CS221132 (High) — Spam
2026-03-16 10:38:18,552 - WARNING - DANGEROUS PERSON DETECTED: 0302CS221132 (High) — Spam
2026-03-16 10:38:18,899 - WARNING - DANGEROUS PERSON DETECTED: 0302CS221132 (High) — Spam
2026-03-16 10:38:19,554 - WARNING - DANGEROUS PERSON DETECTED: 0302CS221132 (High) — Spam
2026-03-16 10:38:19,901 - WARNING - DANGEROUS PERSON DETECTED: 0302CS221132 (High) — Spam
2026-03-16 10:38:20,563 - WARNING - DANGEROUS PERSON DETECTED: 0302CS221132 (High) — Spam
2026-03-16 10:38:20,907 - WARNING - DANGEROUS PERSON DETECTED: 0302CS221132 (High) — Spam
2026-03-16 10:38:21,566 - WARNING - DANGEROUS PERSON DETECTED: 0302CS221132 (High) — Spam
2026-03-16 10:38:21,910 - WARNING - DANGEROUS PERSON DETECTED: 0302CS221132 (High) — Spam
2026-03-16 10:38:22,565 - WARNING - DANGEROUS PERSON DETECTED: 0302CS221132 (High) — Spam
2026-03-16 10:38:22,907 - WARNING - DANGEROUS PERSON DETECTED: 0302CS221132 (High) — Spam
2026-03-16 10:38:23,579 - WARNING - DANGEROUS PERSON DETECTED: 0302CS221132 (High) — Spam
2026-03-16 10:38:23,910 - WARNING - DANGEROUS PERSON DETECTED: 0302CS221132 (High) — Spam
2026-03-16 10:38:24,581 - WARNING - DANGEROUS PERSON DETECTED: 0302CS221132 (High) — Spam
2026-03-16 10:38:24,911 - WARNING - DANGEROUS PERSON DETECTED: 0302CS221132 (High) — Spam
2026-03-16 10:38:25,569 - WARNING - DANGEROUS PERSON DETECTED: 0302CS221132 (High) — Spam
2026-03-16 10:38:25,895 - WARNING - DANGEROUS PERSON DETECTED: 0302CS221132 (High) — Spam
2026-03-16 10:38:26,571 - WARNING - DANGEROUS PERSON DETECTED: 0302CS221132 (High) — Spam
2026-03-16 10:38:26,900 - WARNING - DANGEROUS PERSON DETECTED: 0302CS221132 (High) — Spam
2026-03-16 10:38:27,574 - WARNING - DANGEROUS PERSON DETECTED: 0302CS221132 (High) — Spam
2026-03-16 10:38:27,911 - WARNING - DANGEROUS PERSON DETECTED: 0302CS221132 (High) — Spam
2026-03-16 10:38:28,579 - WARNING - DANGEROUS PERSON DETECTED: 0302CS221132 (High) — Spam
2026-03-16 10:38:28,895 - WARNING - DANGEROUS PERSON DETECTED: 0302CS221132 (High) — Spam
2026-03-16 10:38:29,573 - WARNING - DANGEROUS PERSON DETECTED: 0302CS221132 (High) — Spam
2026-03-16 10:38:29,906 - WARNING - DANGEROUS PERSON DETECTED: 0302CS221132 (High) — Spam
2026-03-16 10:38:30,577 - WARNING - DANGEROUS PERSON DETECTED: 0302CS221132 (High) — Spam
2026-03-16 10:38:30,904 - WARNING - DANGEROUS PERSON DETECTED: 0302CS221132 (High) — Spam
2026-03-16 10:38:31,580 - WARNING - DANGEROUS PERSON DETECTED: 0302CS221132 (High) — Spam
2026-03-16 10:38:31,910 - WARNING - DANGEROUS PERSON DETECTED: 0302CS221132 (High) — Spam
2026-03-16 10:38:32,571 - WARNING - DANGEROUS PERSON DETECTED: 0302CS221132 (High) — Spam
2026-03-16 10:38:32,902 - WARNING - DANGEROUS PERSON DETECTED: 0302CS221132 (High) — Spam
2026-03-16 10:38:33,574 - WARNING - DANGEROUS PERSON DETECTED: 0302CS221132 (High) — Spam
2026-03-16 10:38:33,906 - WARNING - DANGEROUS PERSON DETECTED: 0302CS221132 (High) — Spam
2026-03-16 10:38:34,581 - WARNING - DANGEROUS PERSON DETECTED: 0302CS221132 (High) — Spam
2026-03-16 10:38:34,909 - WARNING - DANGEROUS PERSON DETECTED: 0302CS221132 (High) — Spam
2026-03-16 10:38:35,570 - WARNING - DANGEROUS PERSON DETECTED: 0302CS221132 (High) — Spam
2026-03-16 10:38:35,899 - WARNING - DANGEROUS PERSON DETECTED: 0302CS221132 (High) — Spam
2026-03-16 10:38:36,572 - WARNING - DANGEROUS PERSON DETECTED: 0302CS221132 (High) — Spam
2026-03-16 10:38:36,900 - WARNING - DANGEROUS PERSON DETECTED: 0302CS221132 (High) — Spam
2026-03-16 10:38:37,573 - WARNING - DANGEROUS PERSON DETECTED: 0302CS221132 (High) — Spam
2026-03-16 10:38:37,901 - WARNING - DANGEROUS PERSON DETECTED: 0302CS221132 (High) — Spam
2026-03-16 10:38:38,575 - WARNING - DANGEROUS PERSON DETECTED: 0302CS221132 (High) — Spam
2026-03-16 10:38:38,903 - WARNING - DANGEROUS PERSON DETECTED: 0302CS221132 (High) — Spam
2026-03-16 10:38:39,576 - WARNING - DANGEROUS PERSON DETECTED: 0302CS221132 (High) — Spam
2026-03-16 10:38:39,913 - WARNING - DANGEROUS PERSON DETECTED: 0302CS221132 (High) — Spam
2026-03-16 10:38:40,579 - WARNING - DANGEROUS PERSON DETECTED: 0302CS221132 (High) — Spam
2026-03-16 10:38:40,911 - WARNING - DANGEROUS PERSON DETECTED: 0302CS221132 (High) — Spam
2026-03-16 10:38:41,581 - WARNING - DANGEROUS PERSON DETECTED: 0302CS221132 (High) — Spam
2026-03-16 10:38:41,894 - WARNING - DANGEROUS PERSON DETECTED: 0302CS221132 (High) — Spam
2026-03-16 10:38:42,573 - WARNING - DANGEROUS PERSON DETECTED: 0302CS221132 (High) — Spam
2026-03-16 10:38:42,901 - WARNING - DANGEROUS PERSON DETECTED: 0302CS221132 (High) — Spam
2026-03-16 10:38:43,574 - WARNING - DANGEROUS PERSON DETECTED: 0302CS221132 (High) — Spam
2026-03-16 10:38:43,903 - WARNING - DANGEROUS PERSON DETECTED: 0302CS221132 (High) — Spam
2026-03-16 10:38:44,581 - WARNING - DANGEROUS PERSON DETECTED: 0302CS221132 (High) — Spam
2026-03-16 10:38:44,909 - WARNING - DANGEROUS PERSON DETECTED: 0302CS221132 (High) — Spam
2026-03-16 10:38:45,572 - WARNING - DANGEROUS PERSON DETECTED: 0302CS221132 (High) — Spam
2026-03-16 10:38:45,895 - WARNING - DANGEROUS PERSON DETECTED: 0302CS221132 (High) — Spam
2026-03-16 10:38:46,570 - WARNING - DANGEROUS PERSON DETECTED: 0302CS221132 (High) — Spam
2026-03-16 10:38:46,896 - WARNING - DANGEROUS PERSON DETECTED: 0302CS221132 (High) — Spam
2026-03-16 10:38:47,569 - WARNING - DANGEROUS PERSON DETECTED: 0302CS221132 (High) — Spam
2026-03-16 10:38:47,901 - WARNING - DANGEROUS PERSON DETECTED: 0302CS221132 (High) — Spam
2026-03-16 10:38:48,564 - WARNING - DANGEROUS PERSON DETECTED: 0302CS221132 (High) — Spam
2026-03-16 10:38:48,900 - WARNING - DANGEROUS PERSON DETECTED: 0302CS221132 (High) — Spam
2026-03-16 10:38:49,574 - WARNING - DANGEROUS PERSON DETECTED: 0302CS221132 (High) — Spam
2026-03-16 10:38:49,909 - WARNING - DANGEROUS PERSON DETECTED: 0302CS221132 (High) — Spam
2026-03-16 10:38:50,580 - WARNING - DANGEROUS PERSON DETECTED: 0302CS221132 (High) — Spam
2026-03-16 10:38:50,909 - WARNING - DANGEROUS PERSON DETECTED: 0302CS221132 (High) — Spam
2026-03-16 10:38:51,570 - WARNING - DANGEROUS PERSON DETECTED: 0302CS221132 (High) — Spam
2026-03-16 10:38:51,898 - WARNING - DANGEROUS PERSON DETECTED: 0302CS221132 (High) — Spam
2026-03-16 10:38:52,575 - WARNING - DANGEROUS PERSON DETECTED: 0302CS221132 (High) — Spam
2026-03-16 10:38:52,901 - WARNING - DANGEROUS PERSON DETECTED: 0302CS221132 (High) — Spam
2026-03-16 10:38:53,569 - WARNING - DANGEROUS PERSON DETECTED: 0302CS221132 (High) — Spam
2026-03-16 10:38:53,904 - WARNING - DANGEROUS PERSON DETECTED: 0302CS221132 (High) — Spam
2026-03-16 10:38:54,576 - WARNING - DANGEROUS PERSON DETECTED: 0302CS221132 (High) — Spam
2026-03-16 10:38:54,903 - WARNING - DANGEROUS PERSON DETECTED: 0302CS221132 (High) — Spam
2026-03-16 10:38:55,576 - WARNING - DANGEROUS PERSON DETECTED: 0302CS221132 (High) — Spam
2026-03-16 10:38:55,908 - WARNING - DANGEROUS PERSON DETECTED: 0302CS221132 (High) — Spam
2026-03-16 10:38:56,580 - WARNING - DANGEROUS PERSON DETECTED: 0302CS221132 (High) — Spam
2026-03-16 10:38:56,907 - WARNING - DANGEROUS PERSON DETECTED: 0302CS221132 (High) — Spam
2026-03-16 10:38:57,580 - WARNING - DANGEROUS PERSON DETECTED: 0302CS221132 (High) — Spam
2026-03-16 10:38:57,898 - WARNING - DANGEROUS PERSON DETECTED: 0302CS221132 (High) — Spam
2026-03-16 10:38:58,572 - WARNING - DANGEROUS PERSON DETECTED: 0302CS221132 (High) — Spam
2026-03-16 10:38:58,900 - WARNING - DANGEROUS PERSON DETECTED: 0302CS221132 (High) — Spam
2026-03-16 10:38:59,572 - WARNING - DANGEROUS PERSON DETECTED: 0302CS221132 (High) — Spam
2026-03-16 10:38:59,902 - WARNING - DANGEROUS PERSON DETECTED: 0302CS221132 (High) — Spam
2026-03-16 10:39:00,572 - WARNING - DANGEROUS PERSON DETECTED: 0302CS221132 (High) — Spam
2026-03-16 10:39:00,902 - WARNING - DANGEROUS PERSON DETECTED: 0302CS221132 (High) — Spam
2026-03-16 10:39:01,611 - WARNING - DANGEROUS PERSON DETECTED: 0302CS221132 (High) — Spam
2026-03-16 11:25:39,245 - INFO - Auto-encode Teach123456: Encoded 15 face(s) for Teach123456
2026-03-16 11:25:42,575 - INFO - Loaded 1 flagged persons
2026-03-16 11:25:43,749 - INFO - insightface buffalo_l loaded
2026-03-16 11:25:45,751 - INFO - Attendance marked for 'Teach123456'.
2026-03-16 11:25:46,396 - INFO - Attendance for 'Teach123456' already marked (within 45 min).
2026-03-16 11:25:46,926 - INFO - Attendance for 'Teach123456' already marked (within 45 min).
2026-03-16 11:25:47,452 - INFO - Attendance for 'Teach123456' already marked (within 45 min).
2026-03-16 11:25:47,984 - INFO - Attendance for 'Teach123456' already marked (within 45 min).
2026-03-16 11:25:48,463 - INFO - Attendance for 'Teach123456' already marked (within 45 min).
2026-03-16 11:25:49,009 - INFO - Attendance for 'Teach123456' already marked (within 45 min).
2026-03-16 11:25:51,736 - WARNING - DANGEROUS PERSON DETECTED: 0302CS221132 (High) — Spam
2026-03-16 11:26:04,075 - INFO - Loaded 1 flagged persons
2026-03-16 11:26:05,327 - INFO - insightface buffalo_l loaded
2026-03-16 11:26:07,716 - INFO - Attendance for 'Teach123456' already marked (within 45 min).
2026-03-16 11:26:08,280 - INFO - Attendance for 'Teach123456' already marked (within 45 min).
2026-03-16 11:26:08,866 - INFO - Attendance for 'Teach123456' already marked (within 45 min).
2026-03-16 11:26:09,422 - INFO - Attendance for 'Teach123456' already marked (within 45 min).
2026-03-16 11:26:09,960 - INFO - Attendance for 'Teach123456' already marked (within 45 min).
2026-03-16 11:26:10,487 - INFO - Attendance for 'Teach123456' already marked (within 45 min).
2026-03-16 11:26:10,963 - INFO - Attendance for 'Teach123456' already marked (within 45 min).
2026-03-16 11:26:11,515 - INFO - Attendance for 'Teach123456' already marked (within 45 min).
2026-03-16 11:26:12,040 - INFO - Attendance for 'Teach123456' already marked (within 45 min).
2026-03-16 11:26:12,586 - INFO - Attendance for 'Teach123456' already marked (within 45 min).
2026-03-16 11:26:13,221 - INFO - Attendance for 'Teach123456' already marked (within 45 min).
2026-03-16 11:26:13,713 - INFO - Attendance for 'Teach123456' already marked (within 45 min).
2026-03-16 11:26:14,316 - INFO - Attendance for 'Teach123456' already marked (within 45 min).
2026-03-16 11:26:14,876 - INFO - Attendance for 'Teach123456' already marked (within 45 min).
2026-03-16 11:26:33,212 - INFO - Login success: admin (admin)
2026-03-16 11:26:33,212 - INFO - Login: admin (admin)
2026-03-16 11:26:34,420 - INFO - insightface buffalo_l loaded
2026-03-16 11:26:34,426 - INFO - Loaded 1 flagged persons
2026-03-16 11:26:34,481 - INFO - Loaded 1 flagged persons
2026-03-16 11:26:34,497 - INFO - Loaded 1 flagged persons
2026-03-16 11:26:36,166 - INFO - insightface buffalo_l loaded
2026-03-17 20:22:12,878 - INFO - Loaded 1 flagged persons
2026-03-17 20:22:14,595 - INFO - insightface buffalo_l loaded
2026-03-17 20:22:14,689 - INFO - Auto-encode 0302BA221111: Encoded 15 face(s) for 0302BA221111
2026-03-17 20:22:36,379 - INFO - Attendance for '023cs6969' already marked (within 45 min).
2026-03-17 20:22:37,179 - INFO - Attendance for '023cs6969' already marked (within 45 min).
2026-03-18 12:38:50,902 - INFO - Auto-encode 0302CS231047: Encoded 15 face(s) for 0302CS231047
2026-03-18 12:40:46,091 - INFO - Loaded 2 flagged persons
2026-03-18 12:40:47,219 - INFO - insightface buffalo_l loaded
2026-03-18 12:40:49,676 - INFO - Attendance marked for '0302CS231047'.
2026-03-18 12:40:50,140 - INFO - Attendance for '0302CS231047' already marked (within 45 min).
2026-03-18 12:40:50,787 - INFO - Attendance for '0302CS231047' already marked (within 45 min).
2026-03-18 12:40:51,275 - INFO - Attendance for '0302CS231047' already marked (within 45 min).
2026-03-18 12:40:51,872 - INFO - Attendance for '0302CS231047' already marked (within 45 min).
2026-03-18 12:40:52,519 - INFO - Attendance for '0302CS231047' already marked (within 45 min).
2026-03-18 12:40:52,949 - INFO - Attendance for '0302CS231047' already marked (within 45 min).
2026-03-18 12:41:15,188 - INFO - Login success: 0302CS231047 (user)
2026-03-18 12:41:15,188 - INFO - Login: 0302CS231047 (user)
2026-03-18 12:41:16,273 - INFO - insightface buffalo_l loaded
2026-03-18 12:41:16,283 - INFO - Loaded 2 flagged persons
2026-03-18 12:41:16,306 - INFO - Loaded 2 flagged persons
2026-03-18 12:41:39,625 - INFO - Loaded 2 flagged persons
2026-03-18 12:41:40,719 - INFO - insightface buffalo_l loaded
2026-03-18 12:41:43,046 - WARNING - DANGEROUS PERSON DETECTED: 0302CS221132 (High) — Spam
2026-03-18 14:15:14,089 - INFO - Loaded 2 flagged persons
2026-03-18 14:15:15,973 - INFO - insightface buffalo_l loaded
2026-03-18 14:15:16,672 - INFO - Auto-encode Teach123: Encoded 15 face(s) for Teach123
2026-03-18 14:15:25,393 - WARNING - DANGEROUS PERSON DETECTED: 0302CS221132 (High) — Spam
2026-03-24 15:13:18,855 - INFO - Auto-encode 0302CS231038: Encoded 15 face(s) for 0302CS231038
2026-03-24 15:13:20,716 - INFO - Auto-encode 0302cs231053: Encoded 15 face(s) for 0302cs231053
2026-03-24 15:14:35,363 - INFO - Registered new user: 0302CS231018 (b6265f10-b86d-4836-abb3-b21f6bd29e46)
2026-03-24 15:17:13,591 - INFO - Registered new user: 0302CS231014 (c497ad4a-e1cc-4dd8-94a0-7f2c089c1330)
2026-03-24 15:17:49,206 - INFO - Login success: admin (admin)
2026-03-24 15:17:49,206 - INFO - Login: admin (admin)
2026-03-24 15:17:50,341 - INFO - insightface buffalo_l loaded
2026-03-24 15:17:50,353 - INFO - Loaded 2 flagged persons
2026-03-24 15:17:50,389 - INFO - Loaded 2 flagged persons
2026-03-24 15:17:50,413 - INFO - Loaded 2 flagged persons
2026-03-24 15:17:51,731 - INFO - insightface buffalo_l loaded
2026-03-24 15:18:18,040 - INFO - Auto-encode 0302CS231014: Encoded 15 face(s) for 0302CS231014
2026-03-24 15:18:18,085 - INFO - Auto-encode 0302CS231018: Encoded 15 face(s) for 0302CS231018
